[2024-04-20 09:57:18,794] {taskinstance.py:1179} INFO - Dependencies all met for <TaskInstance: ETL_toll_data.consolidate_data manual__2024-04-20T09:57:08+00:00 [queued]>
[2024-04-20 09:57:18,815] {taskinstance.py:1179} INFO - Dependencies all met for <TaskInstance: ETL_toll_data.consolidate_data manual__2024-04-20T09:57:08+00:00 [queued]>
[2024-04-20 09:57:18,816] {taskinstance.py:1376} INFO - 
--------------------------------------------------------------------------------
[2024-04-20 09:57:18,816] {taskinstance.py:1377} INFO - Starting attempt 1 of 2
[2024-04-20 09:57:18,816] {taskinstance.py:1378} INFO - 
--------------------------------------------------------------------------------
[2024-04-20 09:57:18,844] {taskinstance.py:1397} INFO - Executing <Task(BashOperator): consolidate_data> on 2024-04-20 09:57:08+00:00
[2024-04-20 09:57:18,855] {standard_task_runner.py:52} INFO - Started process 9374 to run task
[2024-04-20 09:57:18,861] {standard_task_runner.py:79} INFO - Running: ['***', 'tasks', 'run', 'ETL_toll_data', 'consolidate_data', 'manual__2024-04-20T09:57:08+00:00', '--job-id', '44', '--raw', '--subdir', 'DAGS_FOLDER/ETL_toll_data.py', '--cfg-path', '/tmp/tmpgpfgpxgr', '--error-file', '/tmp/tmpjd1kncnj']
[2024-04-20 09:57:18,861] {standard_task_runner.py:80} INFO - Job 44: Subtask consolidate_data
[2024-04-20 09:57:18,982] {task_command.py:371} INFO - Running <TaskInstance: ETL_toll_data.consolidate_data manual__2024-04-20T09:57:08+00:00 [running]> on host f3257ad4c610
[2024-04-20 09:57:19,110] {taskinstance.py:1591} INFO - Exporting the following env vars:
AIRFLOW_CTX_DAG_EMAIL=longdvnl@gmail.com
AIRFLOW_CTX_DAG_OWNER=Longdvnl
AIRFLOW_CTX_DAG_ID=ETL_toll_data
AIRFLOW_CTX_TASK_ID=consolidate_data
AIRFLOW_CTX_EXECUTION_DATE=2024-04-20T09:57:08+00:00
AIRFLOW_CTX_TRY_NUMBER=1
AIRFLOW_CTX_DAG_RUN_ID=manual__2024-04-20T09:57:08+00:00
[2024-04-20 09:57:19,112] {subprocess.py:62} INFO - Tmp dir root location: 
 /tmp
[2024-04-20 09:57:19,113] {subprocess.py:74} INFO - Running command: ['bash', '-c', 'paste /home/project/***/dags/finalassignment/csv_data.csv         /home/project/***/dags/finalassignment/tsv_data.csv         /home/project/***/dags/finalassignment/fixed_width_data.csv >         /home/project/***/dags/finalassignment/extracted_data.csv']
[2024-04-20 09:57:19,135] {subprocess.py:85} INFO - Output:
[2024-04-20 09:57:19,147] {subprocess.py:96} INFO - Command exited with return code 0
[2024-04-20 09:57:19,208] {taskinstance.py:1420} INFO - Marking task as SUCCESS. dag_id=ETL_toll_data, task_id=consolidate_data, execution_date=20240420T095708, start_date=20240420T095718, end_date=20240420T095719
[2024-04-20 09:57:19,272] {local_task_job.py:156} INFO - Task exited with return code 0
[2024-04-20 09:57:19,334] {local_task_job.py:273} INFO - 1 downstream tasks scheduled from follow-on schedule check
