[2024-04-20 09:54:58,522] {taskinstance.py:1179} INFO - Dependencies all met for <TaskInstance: ETL_toll_data.extract_data_from_fixed_width manual__2024-04-20T09:54:50.464986+00:00 [queued]>
[2024-04-20 09:54:58,537] {taskinstance.py:1179} INFO - Dependencies all met for <TaskInstance: ETL_toll_data.extract_data_from_fixed_width manual__2024-04-20T09:54:50.464986+00:00 [queued]>
[2024-04-20 09:54:58,537] {taskinstance.py:1376} INFO - 
--------------------------------------------------------------------------------
[2024-04-20 09:54:58,537] {taskinstance.py:1377} INFO - Starting attempt 1 of 2
[2024-04-20 09:54:58,537] {taskinstance.py:1378} INFO - 
--------------------------------------------------------------------------------
[2024-04-20 09:54:58,554] {taskinstance.py:1397} INFO - Executing <Task(BashOperator): extract_data_from_fixed_width> on 2024-04-20 09:54:50.464986+00:00
[2024-04-20 09:54:58,565] {standard_task_runner.py:52} INFO - Started process 9173 to run task
[2024-04-20 09:54:58,571] {standard_task_runner.py:79} INFO - Running: ['***', 'tasks', 'run', 'ETL_toll_data', 'extract_data_from_fixed_width', 'manual__2024-04-20T09:54:50.464986+00:00', '--job-id', '31', '--raw', '--subdir', 'DAGS_FOLDER/ETL_toll_data.py', '--cfg-path', '/tmp/tmpftvt9tp3', '--error-file', '/tmp/tmphyotdacb']
[2024-04-20 09:54:58,571] {standard_task_runner.py:80} INFO - Job 31: Subtask extract_data_from_fixed_width
[2024-04-20 09:54:58,678] {task_command.py:371} INFO - Running <TaskInstance: ETL_toll_data.extract_data_from_fixed_width manual__2024-04-20T09:54:50.464986+00:00 [running]> on host f3257ad4c610
[2024-04-20 09:54:58,797] {taskinstance.py:1591} INFO - Exporting the following env vars:
AIRFLOW_CTX_DAG_EMAIL=longdvnl@gmail.com
AIRFLOW_CTX_DAG_OWNER=Longdvnl
AIRFLOW_CTX_DAG_ID=ETL_toll_data
AIRFLOW_CTX_TASK_ID=extract_data_from_fixed_width
AIRFLOW_CTX_EXECUTION_DATE=2024-04-20T09:54:50.464986+00:00
AIRFLOW_CTX_TRY_NUMBER=1
AIRFLOW_CTX_DAG_RUN_ID=manual__2024-04-20T09:54:50.464986+00:00
[2024-04-20 09:54:58,799] {subprocess.py:62} INFO - Tmp dir root location: 
 /tmp
[2024-04-20 09:54:58,800] {subprocess.py:74} INFO - Running command: ['bash', '-c', 'cut -c59-67 /home/project/***/dags/finalassignment/payment-data.txt |tr " " "," >         /home/project/***/dags/finalassignment/fixed_width_data.csv']
[2024-04-20 09:54:58,828] {subprocess.py:85} INFO - Output:
[2024-04-20 09:54:58,839] {subprocess.py:96} INFO - Command exited with return code 0
[2024-04-20 09:54:58,907] {taskinstance.py:1420} INFO - Marking task as SUCCESS. dag_id=ETL_toll_data, task_id=extract_data_from_fixed_width, execution_date=20240420T095450, start_date=20240420T095458, end_date=20240420T095458
[2024-04-20 09:54:58,942] {local_task_job.py:156} INFO - Task exited with return code 0
[2024-04-20 09:54:59,014] {local_task_job.py:273} INFO - 1 downstream tasks scheduled from follow-on schedule check
