[2024-04-20 09:45:17,493] {taskinstance.py:1179} INFO - Dependencies all met for <TaskInstance: ETL_toll_data.extract_data_from_fixed_width manual__2024-04-20T09:45:12.957326+00:00 [queued]>
[2024-04-20 09:45:17,509] {taskinstance.py:1179} INFO - Dependencies all met for <TaskInstance: ETL_toll_data.extract_data_from_fixed_width manual__2024-04-20T09:45:12.957326+00:00 [queued]>
[2024-04-20 09:45:17,509] {taskinstance.py:1376} INFO - 
--------------------------------------------------------------------------------
[2024-04-20 09:45:17,509] {taskinstance.py:1377} INFO - Starting attempt 1 of 2
[2024-04-20 09:45:17,509] {taskinstance.py:1378} INFO - 
--------------------------------------------------------------------------------
[2024-04-20 09:45:17,528] {taskinstance.py:1397} INFO - Executing <Task(BashOperator): extract_data_from_fixed_width> on 2024-04-20 09:45:12.957326+00:00
[2024-04-20 09:45:17,539] {standard_task_runner.py:52} INFO - Started process 8659 to run task
[2024-04-20 09:45:17,545] {standard_task_runner.py:79} INFO - Running: ['***', 'tasks', 'run', 'ETL_toll_data', 'extract_data_from_fixed_width', 'manual__2024-04-20T09:45:12.957326+00:00', '--job-id', '19', '--raw', '--subdir', 'DAGS_FOLDER/ETL_toll_data.py', '--cfg-path', '/tmp/tmp1fu_o87x', '--error-file', '/tmp/tmpdoy1o8gm']
[2024-04-20 09:45:17,546] {standard_task_runner.py:80} INFO - Job 19: Subtask extract_data_from_fixed_width
[2024-04-20 09:45:17,653] {task_command.py:371} INFO - Running <TaskInstance: ETL_toll_data.extract_data_from_fixed_width manual__2024-04-20T09:45:12.957326+00:00 [running]> on host f3257ad4c610
[2024-04-20 09:45:17,773] {taskinstance.py:1591} INFO - Exporting the following env vars:
AIRFLOW_CTX_DAG_EMAIL=longdvnl@gmail.com
AIRFLOW_CTX_DAG_OWNER=Longdvnl
AIRFLOW_CTX_DAG_ID=ETL_toll_data
AIRFLOW_CTX_TASK_ID=extract_data_from_fixed_width
AIRFLOW_CTX_EXECUTION_DATE=2024-04-20T09:45:12.957326+00:00
AIRFLOW_CTX_TRY_NUMBER=1
AIRFLOW_CTX_DAG_RUN_ID=manual__2024-04-20T09:45:12.957326+00:00
[2024-04-20 09:45:17,775] {subprocess.py:62} INFO - Tmp dir root location: 
 /tmp
[2024-04-20 09:45:17,776] {subprocess.py:74} INFO - Running command: ['bash', '-c', 'cut -c59-67 /home/project/***/dags/finalassignment/payment-data.txt |tr " " "," >         /home/project/***/dags/finalassignment/fixed_width_data.csv']
[2024-04-20 09:45:17,801] {subprocess.py:85} INFO - Output:
[2024-04-20 09:45:17,812] {subprocess.py:96} INFO - Command exited with return code 0
[2024-04-20 09:45:17,869] {taskinstance.py:1420} INFO - Marking task as SUCCESS. dag_id=ETL_toll_data, task_id=extract_data_from_fixed_width, execution_date=20240420T094512, start_date=20240420T094517, end_date=20240420T094517
[2024-04-20 09:45:17,917] {local_task_job.py:156} INFO - Task exited with return code 0
[2024-04-20 09:45:17,984] {local_task_job.py:273} INFO - 1 downstream tasks scheduled from follow-on schedule check
