[2024-04-20 09:02:22,107] {taskinstance.py:1179} INFO - Dependencies all met for <TaskInstance: ETL_toll_data.unzip_data manual__2024-04-20T09:02:20.668458+00:00 [queued]>
[2024-04-20 09:02:22,122] {taskinstance.py:1179} INFO - Dependencies all met for <TaskInstance: ETL_toll_data.unzip_data manual__2024-04-20T09:02:20.668458+00:00 [queued]>
[2024-04-20 09:02:22,123] {taskinstance.py:1376} INFO - 
--------------------------------------------------------------------------------
[2024-04-20 09:02:22,123] {taskinstance.py:1377} INFO - Starting attempt 1 of 2
[2024-04-20 09:02:22,123] {taskinstance.py:1378} INFO - 
--------------------------------------------------------------------------------
[2024-04-20 09:02:22,144] {taskinstance.py:1397} INFO - Executing <Task(BashOperator): unzip_data> on 2024-04-20 09:02:20.668458+00:00
[2024-04-20 09:02:22,154] {standard_task_runner.py:52} INFO - Started process 6691 to run task
[2024-04-20 09:02:22,160] {standard_task_runner.py:79} INFO - Running: ['***', 'tasks', 'run', 'ETL_toll_data', 'unzip_data', 'manual__2024-04-20T09:02:20.668458+00:00', '--job-id', '10', '--raw', '--subdir', 'DAGS_FOLDER/ETL_toll_data.py', '--cfg-path', '/tmp/tmplrru_xs1', '--error-file', '/tmp/tmphc883xdm']
[2024-04-20 09:02:22,160] {standard_task_runner.py:80} INFO - Job 10: Subtask unzip_data
[2024-04-20 09:02:22,292] {task_command.py:371} INFO - Running <TaskInstance: ETL_toll_data.unzip_data manual__2024-04-20T09:02:20.668458+00:00 [running]> on host f3257ad4c610
[2024-04-20 09:02:22,425] {taskinstance.py:1591} INFO - Exporting the following env vars:
AIRFLOW_CTX_DAG_EMAIL=longdvnl@gmail.com
AIRFLOW_CTX_DAG_OWNER=Longdvnl
AIRFLOW_CTX_DAG_ID=ETL_toll_data
AIRFLOW_CTX_TASK_ID=unzip_data
AIRFLOW_CTX_EXECUTION_DATE=2024-04-20T09:02:20.668458+00:00
AIRFLOW_CTX_TRY_NUMBER=1
AIRFLOW_CTX_DAG_RUN_ID=manual__2024-04-20T09:02:20.668458+00:00
[2024-04-20 09:02:22,426] {subprocess.py:62} INFO - Tmp dir root location: 
 /tmp
[2024-04-20 09:02:22,427] {subprocess.py:74} INFO - Running command: ['bash', '-c', 'tar -xzf /home/project/***/dags/finalassignment/tolldata.tgz -C /home/project/***/dags/finalassignment']
[2024-04-20 09:02:22,451] {subprocess.py:85} INFO - Output:
[2024-04-20 09:02:22,477] {subprocess.py:96} INFO - Command exited with return code 0
[2024-04-20 09:02:22,533] {taskinstance.py:1420} INFO - Marking task as SUCCESS. dag_id=ETL_toll_data, task_id=unzip_data, execution_date=20240420T090220, start_date=20240420T090222, end_date=20240420T090222
[2024-04-20 09:02:22,571] {local_task_job.py:156} INFO - Task exited with return code 0
[2024-04-20 09:02:22,644] {local_task_job.py:273} INFO - 1 downstream tasks scheduled from follow-on schedule check
