[2024-04-20 09:02:23,359] {taskinstance.py:1179} INFO - Dependencies all met for <TaskInstance: ETL_toll_data.extract_data_from_csv manual__2024-04-20T09:02:20.668458+00:00 [queued]>
[2024-04-20 09:02:23,378] {taskinstance.py:1179} INFO - Dependencies all met for <TaskInstance: ETL_toll_data.extract_data_from_csv manual__2024-04-20T09:02:20.668458+00:00 [queued]>
[2024-04-20 09:02:23,378] {taskinstance.py:1376} INFO - 
--------------------------------------------------------------------------------
[2024-04-20 09:02:23,378] {taskinstance.py:1377} INFO - Starting attempt 1 of 2
[2024-04-20 09:02:23,378] {taskinstance.py:1378} INFO - 
--------------------------------------------------------------------------------
[2024-04-20 09:02:23,399] {taskinstance.py:1397} INFO - Executing <Task(BashOperator): extract_data_from_csv> on 2024-04-20 09:02:20.668458+00:00
[2024-04-20 09:02:23,410] {standard_task_runner.py:52} INFO - Started process 6695 to run task
[2024-04-20 09:02:23,416] {standard_task_runner.py:79} INFO - Running: ['***', 'tasks', 'run', 'ETL_toll_data', 'extract_data_from_csv', 'manual__2024-04-20T09:02:20.668458+00:00', '--job-id', '11', '--raw', '--subdir', 'DAGS_FOLDER/ETL_toll_data.py', '--cfg-path', '/tmp/tmpfara65ha', '--error-file', '/tmp/tmp1yznutpd']
[2024-04-20 09:02:23,417] {standard_task_runner.py:80} INFO - Job 11: Subtask extract_data_from_csv
[2024-04-20 09:02:23,546] {task_command.py:371} INFO - Running <TaskInstance: ETL_toll_data.extract_data_from_csv manual__2024-04-20T09:02:20.668458+00:00 [running]> on host f3257ad4c610
[2024-04-20 09:02:23,683] {taskinstance.py:1591} INFO - Exporting the following env vars:
AIRFLOW_CTX_DAG_EMAIL=longdvnl@gmail.com
AIRFLOW_CTX_DAG_OWNER=Longdvnl
AIRFLOW_CTX_DAG_ID=ETL_toll_data
AIRFLOW_CTX_TASK_ID=extract_data_from_csv
AIRFLOW_CTX_EXECUTION_DATE=2024-04-20T09:02:20.668458+00:00
AIRFLOW_CTX_TRY_NUMBER=1
AIRFLOW_CTX_DAG_RUN_ID=manual__2024-04-20T09:02:20.668458+00:00
[2024-04-20 09:02:23,685] {subprocess.py:62} INFO - Tmp dir root location: 
 /tmp
[2024-04-20 09:02:23,686] {subprocess.py:74} INFO - Running command: ['bash', '-c', 'cut -d"," -f1-4 /home/project/***/dags/finalassignment/vehicle-data.csv >         /home/project/***/dags/finalassignment/csv_data.csv']
[2024-04-20 09:02:23,712] {subprocess.py:85} INFO - Output:
[2024-04-20 09:02:23,723] {subprocess.py:96} INFO - Command exited with return code 0
[2024-04-20 09:02:23,798] {taskinstance.py:1420} INFO - Marking task as SUCCESS. dag_id=ETL_toll_data, task_id=extract_data_from_csv, execution_date=20240420T090220, start_date=20240420T090223, end_date=20240420T090223
[2024-04-20 09:02:23,832] {local_task_job.py:156} INFO - Task exited with return code 0
[2024-04-20 09:02:23,923] {local_task_job.py:273} INFO - 1 downstream tasks scheduled from follow-on schedule check
