[2024-04-20 09:54:51,712] {taskinstance.py:1179} INFO - Dependencies all met for <TaskInstance: ETL_toll_data.unzip_data manual__2024-04-20T09:54:50.464986+00:00 [queued]>
[2024-04-20 09:54:51,738] {taskinstance.py:1179} INFO - Dependencies all met for <TaskInstance: ETL_toll_data.unzip_data manual__2024-04-20T09:54:50.464986+00:00 [queued]>
[2024-04-20 09:54:51,738] {taskinstance.py:1376} INFO - 
--------------------------------------------------------------------------------
[2024-04-20 09:54:51,739] {taskinstance.py:1377} INFO - Starting attempt 1 of 2
[2024-04-20 09:54:51,739] {taskinstance.py:1378} INFO - 
--------------------------------------------------------------------------------
[2024-04-20 09:54:51,780] {taskinstance.py:1397} INFO - Executing <Task(BashOperator): unzip_data> on 2024-04-20 09:54:50.464986+00:00
[2024-04-20 09:54:51,834] {standard_task_runner.py:52} INFO - Started process 9160 to run task
[2024-04-20 09:54:51,839] {standard_task_runner.py:79} INFO - Running: ['***', 'tasks', 'run', 'ETL_toll_data', 'unzip_data', 'manual__2024-04-20T09:54:50.464986+00:00', '--job-id', '28', '--raw', '--subdir', 'DAGS_FOLDER/ETL_toll_data.py', '--cfg-path', '/tmp/tmp78ivd66q', '--error-file', '/tmp/tmp0cxpykzk']
[2024-04-20 09:54:51,839] {standard_task_runner.py:80} INFO - Job 28: Subtask unzip_data
[2024-04-20 09:54:52,121] {task_command.py:371} INFO - Running <TaskInstance: ETL_toll_data.unzip_data manual__2024-04-20T09:54:50.464986+00:00 [running]> on host f3257ad4c610
[2024-04-20 09:54:52,471] {taskinstance.py:1591} INFO - Exporting the following env vars:
AIRFLOW_CTX_DAG_EMAIL=longdvnl@gmail.com
AIRFLOW_CTX_DAG_OWNER=Longdvnl
AIRFLOW_CTX_DAG_ID=ETL_toll_data
AIRFLOW_CTX_TASK_ID=unzip_data
AIRFLOW_CTX_EXECUTION_DATE=2024-04-20T09:54:50.464986+00:00
AIRFLOW_CTX_TRY_NUMBER=1
AIRFLOW_CTX_DAG_RUN_ID=manual__2024-04-20T09:54:50.464986+00:00
[2024-04-20 09:54:52,473] {subprocess.py:62} INFO - Tmp dir root location: 
 /tmp
[2024-04-20 09:54:52,474] {subprocess.py:74} INFO - Running command: ['bash', '-c', 'tar -xzf /home/project/***/dags/finalassignment/tolldata.tgz -C /home/project/***/dags/finalassignment']
[2024-04-20 09:54:52,506] {subprocess.py:85} INFO - Output:
[2024-04-20 09:54:52,577] {subprocess.py:96} INFO - Command exited with return code 0
[2024-04-20 09:54:52,762] {taskinstance.py:1420} INFO - Marking task as SUCCESS. dag_id=ETL_toll_data, task_id=unzip_data, execution_date=20240420T095450, start_date=20240420T095451, end_date=20240420T095452
[2024-04-20 09:54:52,911] {local_task_job.py:156} INFO - Task exited with return code 0
[2024-04-20 09:54:53,275] {local_task_job.py:273} INFO - 0 downstream tasks scheduled from follow-on schedule check
