[2024-04-20 09:57:10,036] {taskinstance.py:1179} INFO - Dependencies all met for <TaskInstance: ETL_toll_data.unzip_data manual__2024-04-20T09:57:08+00:00 [queued]>
[2024-04-20 09:57:10,049] {taskinstance.py:1179} INFO - Dependencies all met for <TaskInstance: ETL_toll_data.unzip_data manual__2024-04-20T09:57:08+00:00 [queued]>
[2024-04-20 09:57:10,049] {taskinstance.py:1376} INFO - 
--------------------------------------------------------------------------------
[2024-04-20 09:57:10,049] {taskinstance.py:1377} INFO - Starting attempt 1 of 2
[2024-04-20 09:57:10,049] {taskinstance.py:1378} INFO - 
--------------------------------------------------------------------------------
[2024-04-20 09:57:10,066] {taskinstance.py:1397} INFO - Executing <Task(BashOperator): unzip_data> on 2024-04-20 09:57:08+00:00
[2024-04-20 09:57:10,077] {standard_task_runner.py:52} INFO - Started process 9347 to run task
[2024-04-20 09:57:10,083] {standard_task_runner.py:79} INFO - Running: ['***', 'tasks', 'run', 'ETL_toll_data', 'unzip_data', 'manual__2024-04-20T09:57:08+00:00', '--job-id', '40', '--raw', '--subdir', 'DAGS_FOLDER/ETL_toll_data.py', '--cfg-path', '/tmp/tmptbo2_m64', '--error-file', '/tmp/tmpjb83q2fm']
[2024-04-20 09:57:10,083] {standard_task_runner.py:80} INFO - Job 40: Subtask unzip_data
[2024-04-20 09:57:10,260] {task_command.py:371} INFO - Running <TaskInstance: ETL_toll_data.unzip_data manual__2024-04-20T09:57:08+00:00 [running]> on host f3257ad4c610
[2024-04-20 09:57:10,393] {taskinstance.py:1591} INFO - Exporting the following env vars:
AIRFLOW_CTX_DAG_EMAIL=longdvnl@gmail.com
AIRFLOW_CTX_DAG_OWNER=Longdvnl
AIRFLOW_CTX_DAG_ID=ETL_toll_data
AIRFLOW_CTX_TASK_ID=unzip_data
AIRFLOW_CTX_EXECUTION_DATE=2024-04-20T09:57:08+00:00
AIRFLOW_CTX_TRY_NUMBER=1
AIRFLOW_CTX_DAG_RUN_ID=manual__2024-04-20T09:57:08+00:00
[2024-04-20 09:57:10,395] {subprocess.py:62} INFO - Tmp dir root location: 
 /tmp
[2024-04-20 09:57:10,396] {subprocess.py:74} INFO - Running command: ['bash', '-c', 'tar -xzf /home/project/***/dags/finalassignment/tolldata.tgz -C /home/project/***/dags/finalassignment']
[2024-04-20 09:57:10,426] {subprocess.py:85} INFO - Output:
[2024-04-20 09:57:10,459] {subprocess.py:96} INFO - Command exited with return code 0
[2024-04-20 09:57:10,528] {taskinstance.py:1420} INFO - Marking task as SUCCESS. dag_id=ETL_toll_data, task_id=unzip_data, execution_date=20240420T095708, start_date=20240420T095710, end_date=20240420T095710
[2024-04-20 09:57:10,577] {local_task_job.py:156} INFO - Task exited with return code 0
[2024-04-20 09:57:10,660] {local_task_job.py:273} INFO - 1 downstream tasks scheduled from follow-on schedule check
