[2024-04-20 09:54:54,952] {taskinstance.py:1179} INFO - Dependencies all met for <TaskInstance: ETL_toll_data.extract_data_from_csv manual__2024-04-20T09:54:50.464986+00:00 [queued]>
[2024-04-20 09:54:54,980] {taskinstance.py:1179} INFO - Dependencies all met for <TaskInstance: ETL_toll_data.extract_data_from_csv manual__2024-04-20T09:54:50.464986+00:00 [queued]>
[2024-04-20 09:54:54,980] {taskinstance.py:1376} INFO - 
--------------------------------------------------------------------------------
[2024-04-20 09:54:54,980] {taskinstance.py:1377} INFO - Starting attempt 1 of 2
[2024-04-20 09:54:54,980] {taskinstance.py:1378} INFO - 
--------------------------------------------------------------------------------
[2024-04-20 09:54:55,020] {taskinstance.py:1397} INFO - Executing <Task(BashOperator): extract_data_from_csv> on 2024-04-20 09:54:50.464986+00:00
[2024-04-20 09:54:55,037] {standard_task_runner.py:52} INFO - Started process 9164 to run task
[2024-04-20 09:54:55,059] {standard_task_runner.py:79} INFO - Running: ['***', 'tasks', 'run', 'ETL_toll_data', 'extract_data_from_csv', 'manual__2024-04-20T09:54:50.464986+00:00', '--job-id', '29', '--raw', '--subdir', 'DAGS_FOLDER/ETL_toll_data.py', '--cfg-path', '/tmp/tmpa9b7njwh', '--error-file', '/tmp/tmpp8mzfiei']
[2024-04-20 09:54:55,060] {standard_task_runner.py:80} INFO - Job 29: Subtask extract_data_from_csv
[2024-04-20 09:54:55,243] {task_command.py:371} INFO - Running <TaskInstance: ETL_toll_data.extract_data_from_csv manual__2024-04-20T09:54:50.464986+00:00 [running]> on host f3257ad4c610
[2024-04-20 09:54:55,444] {taskinstance.py:1591} INFO - Exporting the following env vars:
AIRFLOW_CTX_DAG_EMAIL=longdvnl@gmail.com
AIRFLOW_CTX_DAG_OWNER=Longdvnl
AIRFLOW_CTX_DAG_ID=ETL_toll_data
AIRFLOW_CTX_TASK_ID=extract_data_from_csv
AIRFLOW_CTX_EXECUTION_DATE=2024-04-20T09:54:50.464986+00:00
AIRFLOW_CTX_TRY_NUMBER=1
AIRFLOW_CTX_DAG_RUN_ID=manual__2024-04-20T09:54:50.464986+00:00
[2024-04-20 09:54:55,445] {subprocess.py:62} INFO - Tmp dir root location: 
 /tmp
[2024-04-20 09:54:55,450] {subprocess.py:74} INFO - Running command: ['bash', '-c', 'cut -d"," -f1-4 /home/project/***/dags/finalassignment/vehicle-data.csv >         /home/project/***/dags/finalassignment/csv_data.csv']
[2024-04-20 09:54:55,481] {subprocess.py:85} INFO - Output:
[2024-04-20 09:54:55,499] {subprocess.py:96} INFO - Command exited with return code 0
[2024-04-20 09:54:55,595] {taskinstance.py:1420} INFO - Marking task as SUCCESS. dag_id=ETL_toll_data, task_id=extract_data_from_csv, execution_date=20240420T095450, start_date=20240420T095454, end_date=20240420T095455
[2024-04-20 09:54:55,670] {local_task_job.py:156} INFO - Task exited with return code 0
[2024-04-20 09:54:55,891] {local_task_job.py:273} INFO - 0 downstream tasks scheduled from follow-on schedule check
