[2024-04-20 09:55:01,030] {taskinstance.py:1179} INFO - Dependencies all met for <TaskInstance: ETL_toll_data.transform_data manual__2024-04-20T09:54:50.464986+00:00 [queued]>
[2024-04-20 09:55:01,044] {taskinstance.py:1179} INFO - Dependencies all met for <TaskInstance: ETL_toll_data.transform_data manual__2024-04-20T09:54:50.464986+00:00 [queued]>
[2024-04-20 09:55:01,044] {taskinstance.py:1376} INFO - 
--------------------------------------------------------------------------------
[2024-04-20 09:55:01,044] {taskinstance.py:1377} INFO - Starting attempt 1 of 2
[2024-04-20 09:55:01,045] {taskinstance.py:1378} INFO - 
--------------------------------------------------------------------------------
[2024-04-20 09:55:01,061] {taskinstance.py:1397} INFO - Executing <Task(BashOperator): transform_data> on 2024-04-20 09:54:50.464986+00:00
[2024-04-20 09:55:01,073] {standard_task_runner.py:52} INFO - Started process 9182 to run task
[2024-04-20 09:55:01,079] {standard_task_runner.py:79} INFO - Running: ['***', 'tasks', 'run', 'ETL_toll_data', 'transform_data', 'manual__2024-04-20T09:54:50.464986+00:00', '--job-id', '33', '--raw', '--subdir', 'DAGS_FOLDER/ETL_toll_data.py', '--cfg-path', '/tmp/tmpiog3nax9', '--error-file', '/tmp/tmpimk1yb83']
[2024-04-20 09:55:01,080] {standard_task_runner.py:80} INFO - Job 33: Subtask transform_data
[2024-04-20 09:55:01,200] {task_command.py:371} INFO - Running <TaskInstance: ETL_toll_data.transform_data manual__2024-04-20T09:54:50.464986+00:00 [running]> on host f3257ad4c610
[2024-04-20 09:55:01,325] {taskinstance.py:1591} INFO - Exporting the following env vars:
AIRFLOW_CTX_DAG_EMAIL=longdvnl@gmail.com
AIRFLOW_CTX_DAG_OWNER=Longdvnl
AIRFLOW_CTX_DAG_ID=ETL_toll_data
AIRFLOW_CTX_TASK_ID=transform_data
AIRFLOW_CTX_EXECUTION_DATE=2024-04-20T09:54:50.464986+00:00
AIRFLOW_CTX_TRY_NUMBER=1
AIRFLOW_CTX_DAG_RUN_ID=manual__2024-04-20T09:54:50.464986+00:00
[2024-04-20 09:55:01,327] {subprocess.py:62} INFO - Tmp dir root location: 
 /tmp
[2024-04-20 09:55:01,327] {subprocess.py:74} INFO - Running command: ['bash', '-c', 'tr "[a-z]" "A-Z" < /home/project/***/dags/finalassignment/extracted_data.csv >         /home/project/***/dags/finalassignment/staging/transformed_data.csv']
[2024-04-20 09:55:01,352] {subprocess.py:85} INFO - Output:
[2024-04-20 09:55:01,363] {subprocess.py:96} INFO - Command exited with return code 0
[2024-04-20 09:55:01,582] {taskinstance.py:1420} INFO - Marking task as SUCCESS. dag_id=ETL_toll_data, task_id=transform_data, execution_date=20240420T095450, start_date=20240420T095501, end_date=20240420T095501
[2024-04-20 09:55:01,651] {local_task_job.py:156} INFO - Task exited with return code 0
[2024-04-20 09:55:01,720] {local_task_job.py:273} INFO - 0 downstream tasks scheduled from follow-on schedule check
